<?xml version="1.0" encoding="UTF-8"?>
<!-- Generated by org.testng.reporters.JUnitXMLReporter -->
<testsuite ignored="0" hostname="CPX-ZWB2Z20YYDR" failures="0" tests="0" time="0.071" errors="0" timestamp="2023-05-17T14:33:28 BST">
  <testcase classname="SampleTest" name="@BeforeTest openBrowser" time="0.027">
    <failure type="java.lang.NullPointerException" message="key can&amp;apos;t be null">
      <![CDATA[java.lang.NullPointerException: key can't be null
at java.base/java.lang.System.checkKey(System.java:1061)
at java.base/java.lang.System.setProperty(System.java:1007)
at SampleTest.openBrowser(SampleTest.java:17)
... Removed 26 stack frames]]>
    </failure>
  </testcase> <!-- @BeforeTest openBrowser -->
</testsuite>
