<?xml version="1.0" encoding="UTF-8"?>
<testng-results ignored="0" total="3" passed="3" failed="0" skipped="0">
  <reporter-output>
  </reporter-output>
  <suite started-at="2023-07-10T12:02:00 BST" name="TestSuite" finished-at="2023-07-10T12:02:13 BST" duration-ms="12679">
    <groups>
    </groups>
    <test started-at="2023-07-10T12:02:00 BST" name="SampleTest" finished-at="2023-07-10T12:02:13 BST" duration-ms="12679">
      <class name="SampleTest">
        <test-method is-config="true" signature="openBrowser()[pri:0, instance:SampleTest@481a996b]" started-at="2023-07-10T12:02:00 BST" name="openBrowser" finished-at="2023-07-10T12:02:12 BST" duration-ms="12134" status="PASS">
          <reporter-output>
          </reporter-output>
        </test-method> <!-- openBrowser -->
        <test-method signature="login()[pri:1, instance:SampleTest@481a996b]" started-at="2023-07-10T12:02:12 BST" name="login" finished-at="2023-07-10T12:02:12 BST" duration-ms="37" status="PASS">
          <reporter-output>
          </reporter-output>
        </test-method> <!-- login -->
        <test-method signature="invalidTitle()[pri:2, instance:SampleTest@481a996b]" started-at="2023-07-10T12:02:12 BST" name="invalidTitle" finished-at="2023-07-10T12:02:12 BST" duration-ms="23" status="PASS">
          <reporter-output>
          </reporter-output>
        </test-method> <!-- invalidTitle -->
        <test-method signature="testWebElements()[pri:3, instance:SampleTest@481a996b]" started-at="2023-07-10T12:02:12 BST" name="testWebElements" finished-at="2023-07-10T12:02:13 BST" duration-ms="424" status="PASS">
          <reporter-output>
          </reporter-output>
        </test-method> <!-- testWebElements -->
      </class> <!-- SampleTest -->
    </test> <!-- SampleTest -->
  </suite> <!-- TestSuite -->
</testng-results>
